/*C2*/SET SCHEMA PUBLIC
SET DATABASE TRANSACTION CONTROL MVCC
/*C3*/SET SCHEMA PUBLIC
SET DATABASE TRANSACTION CONTROL MVCC
/*C4*/SET SCHEMA PUBLIC
SET DATABASE TRANSACTION CONTROL MVCC
/*C5*/SET SCHEMA PUBLIC
SET DATABASE TRANSACTION CONTROL MVCC
/*C6*/SET SCHEMA PUBLIC
SET DATABASE TRANSACTION CONTROL MVCC
/*C7*/SET SCHEMA PUBLIC
SET DATABASE TRANSACTION CONTROL MVCC
/*C8*/SET SCHEMA PUBLIC
SET DATABASE TRANSACTION CONTROL MVCC
/*C9*/SET SCHEMA PUBLIC
SET DATABASE TRANSACTION CONTROL MVCC
/*C10*/SET SCHEMA PUBLIC
SET DATABASE TRANSACTION CONTROL MVCC
/*C4*/CREATE TABLE junit_numberseries ( serieskey VARCHAR(255)  NOT NULL ,seriestype int default 0  ,currentValue bigint  ,template VARCHAR(255)   , CONSTRAINT PK_2a5abe0baa0 PRIMARY KEY  ( serieskey ) )
/*C11*/SET SCHEMA PUBLIC
DISCONNECT
/*C12*/SET SCHEMA PUBLIC
SET DATABASE TRANSACTION CONTROL MVCC
/*C13*/SET SCHEMA PUBLIC
SET DATABASE TRANSACTION CONTROL MVCC
/*C14*/SET SCHEMA PUBLIC
SET DATABASE TRANSACTION CONTROL MVCC
/*C15*/SET SCHEMA PUBLIC
SET DATABASE TRANSACTION CONTROL MVCC
/*C16*/SET SCHEMA PUBLIC
SET DATABASE TRANSACTION CONTROL MVCC
/*C3*/DISCONNECT
/*C17*/SET SCHEMA PUBLIC
SET DATABASE TRANSACTION CONTROL MVCC
/*C6*/DISCONNECT
/*C18*/SET SCHEMA PUBLIC
SET DATABASE TRANSACTION CONTROL MVCC
/*C5*/DISCONNECT
/*C19*/SET SCHEMA PUBLIC
SET DATABASE TRANSACTION CONTROL MVCC
/*C7*/DISCONNECT
/*C20*/SET SCHEMA PUBLIC
SET DATABASE TRANSACTION CONTROL MVCC
/*C8*/DISCONNECT
/*C21*/SET SCHEMA PUBLIC
SET DATABASE TRANSACTION CONTROL MVCC
/*C9*/DISCONNECT
/*C22*/SET SCHEMA PUBLIC
SET DATABASE TRANSACTION CONTROL MVCC
/*C10*/DISCONNECT
/*C4*/DISCONNECT
/*C23*/SET SCHEMA PUBLIC
SET DATABASE TRANSACTION CONTROL MVCC
/*C24*/SET SCHEMA PUBLIC
SET DATABASE TRANSACTION CONTROL MVCC
/*C13*/DISCONNECT
/*C25*/SET SCHEMA PUBLIC
SET DATABASE TRANSACTION CONTROL MVCC
/*C12*/DISCONNECT
/*C26*/SET SCHEMA PUBLIC
SET DATABASE TRANSACTION CONTROL MVCC
/*C14*/DISCONNECT
/*C27*/SET SCHEMA PUBLIC
SET DATABASE TRANSACTION CONTROL MVCC
/*C15*/DISCONNECT
/*C28*/SET SCHEMA PUBLIC
SET DATABASE TRANSACTION CONTROL MVCC
/*C16*/DISCONNECT
/*C29*/SET SCHEMA PUBLIC
SET DATABASE TRANSACTION CONTROL MVCC
/*C2*/DISCONNECT
/*C30*/SET SCHEMA PUBLIC
SET DATABASE TRANSACTION CONTROL MVCC
/*C18*/DISCONNECT
/*C31*/SET SCHEMA PUBLIC
SET DATABASE TRANSACTION CONTROL MVCC
/*C19*/DISCONNECT
/*C32*/SET SCHEMA PUBLIC
SET DATABASE TRANSACTION CONTROL MVCC
/*C20*/DISCONNECT
/*C33*/SET SCHEMA PUBLIC
SET DATABASE TRANSACTION CONTROL MVCC
/*C21*/DISCONNECT
/*C34*/SET SCHEMA PUBLIC
SET DATABASE TRANSACTION CONTROL MVCC
/*C22*/DISCONNECT
/*C35*/SET SCHEMA PUBLIC
SET DATABASE TRANSACTION CONTROL MVCC
/*C23*/DISCONNECT
/*C24*/DISCONNECT
/*C36*/SET SCHEMA PUBLIC
SET DATABASE TRANSACTION CONTROL MVCC
/*C37*/SET SCHEMA PUBLIC
SET DATABASE TRANSACTION CONTROL MVCC
/*C25*/DISCONNECT
/*C38*/SET SCHEMA PUBLIC
SET DATABASE TRANSACTION CONTROL MVCC
/*C26*/DISCONNECT
/*C39*/SET SCHEMA PUBLIC
SET DATABASE TRANSACTION CONTROL MVCC
/*C27*/DISCONNECT
/*C40*/SET SCHEMA PUBLIC
SET DATABASE TRANSACTION CONTROL MVCC
/*C28*/DISCONNECT
/*C41*/SET SCHEMA PUBLIC
SET DATABASE TRANSACTION CONTROL MVCC
/*C29*/DISCONNECT
/*C42*/SET SCHEMA PUBLIC
SET DATABASE TRANSACTION CONTROL MVCC
/*C17*/DISCONNECT
/*C43*/SET SCHEMA PUBLIC
SET DATABASE TRANSACTION CONTROL MVCC
/*C31*/DISCONNECT
/*C44*/SET SCHEMA PUBLIC
SET DATABASE TRANSACTION CONTROL MVCC
/*C33*/DISCONNECT
/*C45*/SET SCHEMA PUBLIC
SET DATABASE TRANSACTION CONTROL MVCC
/*C32*/DISCONNECT
/*C46*/SET SCHEMA PUBLIC
SET DATABASE TRANSACTION CONTROL MVCC
/*C34*/DISCONNECT
/*C47*/SET SCHEMA PUBLIC
SET DATABASE TRANSACTION CONTROL MVCC
/*C35*/DISCONNECT
/*C48*/SET SCHEMA PUBLIC
SET DATABASE TRANSACTION CONTROL MVCC
/*C36*/DISCONNECT
/*C37*/DISCONNECT
/*C49*/SET SCHEMA PUBLIC
SET DATABASE TRANSACTION CONTROL MVCC
/*C50*/SET SCHEMA PUBLIC
SET DATABASE TRANSACTION CONTROL MVCC
/*C38*/DISCONNECT
/*C51*/SET SCHEMA PUBLIC
SET DATABASE TRANSACTION CONTROL MVCC
/*C40*/DISCONNECT
/*C52*/SET SCHEMA PUBLIC
SET DATABASE TRANSACTION CONTROL MVCC
/*C39*/DISCONNECT
/*C53*/SET SCHEMA PUBLIC
SET DATABASE TRANSACTION CONTROL MVCC
/*C41*/DISCONNECT
/*C54*/SET SCHEMA PUBLIC
SET DATABASE TRANSACTION CONTROL MVCC
/*C42*/DISCONNECT
/*C55*/SET SCHEMA PUBLIC
SET DATABASE TRANSACTION CONTROL MVCC
/*C30*/DISCONNECT
/*C56*/SET SCHEMA PUBLIC
SET DATABASE TRANSACTION CONTROL MVCC
/*C47*/DISCONNECT
/*C57*/SET SCHEMA PUBLIC
SET DATABASE TRANSACTION CONTROL MVCC
/*C44*/DISCONNECT
/*C58*/SET SCHEMA PUBLIC
SET DATABASE TRANSACTION CONTROL MVCC
/*C45*/DISCONNECT
/*C59*/SET SCHEMA PUBLIC
SET DATABASE TRANSACTION CONTROL MVCC
/*C46*/DISCONNECT
/*C60*/SET SCHEMA PUBLIC
SET DATABASE TRANSACTION CONTROL MVCC
/*C48*/DISCONNECT
/*C61*/SET SCHEMA PUBLIC
SET DATABASE TRANSACTION CONTROL MVCC
/*C49*/DISCONNECT
/*C50*/DISCONNECT
/*C62*/SET SCHEMA PUBLIC
SET DATABASE TRANSACTION CONTROL MVCC
/*C63*/SET SCHEMA PUBLIC
SET DATABASE TRANSACTION CONTROL MVCC
/*C54*/DISCONNECT
/*C64*/SET SCHEMA PUBLIC
SET DATABASE TRANSACTION CONTROL MVCC
/*C52*/DISCONNECT
/*C65*/SET SCHEMA PUBLIC
SET DATABASE TRANSACTION CONTROL MVCC
/*C51*/DISCONNECT
/*C66*/SET SCHEMA PUBLIC
SET DATABASE TRANSACTION CONTROL MVCC
/*C53*/DISCONNECT
/*C67*/SET SCHEMA PUBLIC
SET DATABASE TRANSACTION CONTROL MVCC
/*C55*/DISCONNECT
/*C68*/SET SCHEMA PUBLIC
SET DATABASE TRANSACTION CONTROL MVCC
